0 info it worked if it ends with ok
1 verbose cli [ '/usr/local/bin/node', '/usr/local/bin/npm', 'run', 'update' ]
2 info using npm@3.10.9
3 info using node@v7.1.0
4 verbose run-script [ 'preupdate', 'update', 'postupdate' ]
5 info lifecycle Brixio-React-App@1.0.0~preupdate: Brixio-React-App@1.0.0
6 silly lifecycle Brixio-React-App@1.0.0~preupdate: no script for preupdate, continuing
7 info lifecycle Brixio-React-App@1.0.0~update: Brixio-React-App@1.0.0
8 verbose lifecycle Brixio-React-App@1.0.0~update: unsafe-perm in lifecycle true
9 verbose lifecycle Brixio-React-App@1.0.0~update: PATH: /usr/local/lib/node_modules/npm/bin/node-gyp-bin:/Users/donovanhiland/src/Brixio-Relay-Prototype/node_modules/.bin:/usr/local/lib/node_modules/npm/bin/node-gyp-bin:/Users/donovanhiland/src/Brixio-Relay-Prototype/node_modules/.bin:/Users/donovanhiland/.rvm/gems/ruby-2.3.0/bin:/Users/donovanhiland/.rvm/gems/ruby-2.3.0@global/bin:/Users/donovanhiland/.rvm/rubies/ruby-2.3.0/bin:/usr/local/bin:/usr/bin:/bin:/usr/sbin:/sbin:/Users/donovanhiland/.rvm/bin:/Users/donovanhiland/.rvm/bin
10 verbose lifecycle Brixio-React-App@1.0.0~update: CWD: /Users/donovanhiland/src/Brixio-Relay-Prototype
11 silly lifecycle Brixio-React-App@1.0.0~update: Args: [ '-c', 'babel-node src/server/utils/updateSchema.js' ]
12 silly lifecycle Brixio-React-App@1.0.0~update: Returned: code: 1  signal: null
13 info lifecycle Brixio-React-App@1.0.0~update: Failed to exec update script
14 verbose stack Error: Brixio-React-App@1.0.0 update: `babel-node src/server/utils/updateSchema.js`
14 verbose stack Exit status 1
14 verbose stack     at EventEmitter.<anonymous> (/usr/local/lib/node_modules/npm/lib/utils/lifecycle.js:255:16)
14 verbose stack     at emitTwo (events.js:106:13)
14 verbose stack     at EventEmitter.emit (events.js:191:7)
14 verbose stack     at ChildProcess.<anonymous> (/usr/local/lib/node_modules/npm/lib/utils/spawn.js:40:14)
14 verbose stack     at emitTwo (events.js:106:13)
14 verbose stack     at ChildProcess.emit (events.js:191:7)
14 verbose stack     at maybeClose (internal/child_process.js:885:16)
14 verbose stack     at Process.ChildProcess._handle.onexit (internal/child_process.js:226:5)
15 verbose pkgid Brixio-React-App@1.0.0
16 verbose cwd /Users/donovanhiland/src/Brixio-Relay-Prototype
17 error Darwin 16.1.0
18 error argv "/usr/local/bin/node" "/usr/local/bin/npm" "run" "update"
19 error node v7.1.0
20 error npm  v3.10.9
21 error code ELIFECYCLE
22 error Brixio-React-App@1.0.0 update: `babel-node src/server/utils/updateSchema.js`
22 error Exit status 1
23 error Failed at the Brixio-React-App@1.0.0 update script 'babel-node src/server/utils/updateSchema.js'.
23 error Make sure you have the latest version of node.js and npm installed.
23 error If you do, this is most likely a problem with the Brixio-React-App package,
23 error not with npm itself.
23 error Tell the author that this fails on your system:
23 error     babel-node src/server/utils/updateSchema.js
23 error You can get information on how to open an issue for this project with:
23 error     npm bugs Brixio-React-App
23 error Or if that isn't available, you can get their info via:
23 error     npm owner ls Brixio-React-App
23 error There is likely additional logging output above.
24 verbose exit [ 1, true ]
